[debug] [2025-02-19T14:13:39.074Z] ----------------------------------------------------------------------
[debug] [2025-02-19T14:13:39.087Z] Command:       C:\Program Files\nodejs\node.exe C:\Users\Admin\AppData\Roaming\npm\node_modules\firebase-tools\lib\bin\firebase.js deploy
[debug] [2025-02-19T14:13:39.088Z] CLI Version:   13.20.1
[debug] [2025-02-19T14:13:39.088Z] Platform:      win32
[debug] [2025-02-19T14:13:39.088Z] Node Version:  v22.9.0
[debug] [2025-02-19T14:13:39.089Z] Time:          Wed Feb 19 2025 19:43:39 GMT+0530 (India Standard Time)
[debug] [2025-02-19T14:13:39.089Z] ----------------------------------------------------------------------
[debug] 
[debug] [2025-02-19T14:13:39.106Z] >>> [apiv2][query] GET https://firebase-public.firebaseio.com/cli.json [none]
[debug] [2025-02-19T14:13:39.227Z] > command requires scopes: ["email","openid","https://www.googleapis.com/auth/cloudplatformprojects.readonly","https://www.googleapis.com/auth/firebase","https://www.googleapis.com/auth/cloud-platform"]
[debug] [2025-02-19T14:13:39.227Z] > authorizing via signed-in user (immocompany01@gmail.com)
[debug] [2025-02-19T14:13:39.227Z] [iam] checking project mess-management-25 for permissions ["firebase.projects.get","firebasehosting.sites.update"]
[debug] [2025-02-19T14:13:39.230Z] Checked if tokens are valid: false, expires at: 1732183032573
[debug] [2025-02-19T14:13:39.230Z] Checked if tokens are valid: false, expires at: 1732183032573
[debug] [2025-02-19T14:13:39.231Z] > refreshing access token with scopes: []
[debug] [2025-02-19T14:13:39.232Z] >>> [apiv2][query] POST https://www.googleapis.com/oauth2/v3/token [none]
[debug] [2025-02-19T14:13:39.232Z] >>> [apiv2][body] POST https://www.googleapis.com/oauth2/v3/token [omitted]
[debug] [2025-02-19T14:13:39.578Z] <<< [apiv2][status] POST https://www.googleapis.com/oauth2/v3/token 400
[debug] [2025-02-19T14:13:39.578Z] <<< [apiv2][body] POST https://www.googleapis.com/oauth2/v3/token [omitted]
[debug] [2025-02-19T14:13:39.578Z] >>> [apiv2][query] POST https://cloudresourcemanager.googleapis.com/v1/projects/mess-management-25:testIamPermissions [none]
[debug] [2025-02-19T14:13:39.579Z] >>> [apiv2][(partial)header] POST https://cloudresourcemanager.googleapis.com/v1/projects/mess-management-25:testIamPermissions x-goog-quota-user=projects/mess-management-25
[debug] [2025-02-19T14:13:39.579Z] >>> [apiv2][body] POST https://cloudresourcemanager.googleapis.com/v1/projects/mess-management-25:testIamPermissions {"permissions":["firebase.projects.get","firebasehosting.sites.update"]}
[debug] [2025-02-19T14:13:39.919Z] <<< [apiv2][status] GET https://firebase-public.firebaseio.com/cli.json 200
[debug] [2025-02-19T14:13:39.919Z] <<< [apiv2][body] GET https://firebase-public.firebaseio.com/cli.json {"cloudBuildErrorAfter":1594252800000,"cloudBuildWarnAfter":1590019200000,"defaultNode10After":1594252800000,"minVersion":"3.0.5","node8DeploysDisabledAfter":1613390400000,"node8RuntimeDisabledAfter":1615809600000,"node8WarnAfter":1600128000000}
[debug] [2025-02-19T14:13:41.044Z] <<< [apiv2][status] POST https://cloudresourcemanager.googleapis.com/v1/projects/mess-management-25:testIamPermissions 401
[debug] [2025-02-19T14:13:41.045Z] <<< [apiv2][body] POST https://cloudresourcemanager.googleapis.com/v1/projects/mess-management-25:testIamPermissions {"error":{"code":401,"message":"Request had invalid authentication credentials. Expected OAuth 2 access token, login cookie or other valid authentication credential. See https://developers.google.com/identity/sign-in/web/devconsole-project.","status":"UNAUTHENTICATED","details":[{"@type":"type.googleapis.com/google.rpc.ErrorInfo","reason":"ACCESS_TOKEN_TYPE_UNSUPPORTED","metadata":{"service":"cloudresourcemanager.googleapis.com","method":"google.cloudresourcemanager.v1.Projects.TestIamPermissions"}}]}}
[debug] [2025-02-19T14:13:41.045Z] Got a 401 Unauthenticated error for a call that required authentication. Refreshing tokens.
[debug] [2025-02-19T14:13:41.045Z] Checked if tokens are valid: false, expires at: 1732183032573
[debug] [2025-02-19T14:13:41.045Z] Checked if tokens are valid: false, expires at: 1732183032573
[debug] [2025-02-19T14:13:41.045Z] > refreshing access token with scopes: []
[debug] [2025-02-19T14:13:41.047Z] >>> [apiv2][query] POST https://www.googleapis.com/oauth2/v3/token [none]
[debug] [2025-02-19T14:13:41.047Z] >>> [apiv2][body] POST https://www.googleapis.com/oauth2/v3/token [omitted]
[debug] [2025-02-19T14:13:41.181Z] <<< [apiv2][status] POST https://www.googleapis.com/oauth2/v3/token 400
[debug] [2025-02-19T14:13:41.182Z] <<< [apiv2][body] POST https://www.googleapis.com/oauth2/v3/token [omitted]
[debug] [2025-02-19T14:13:41.185Z] [iam] error while checking permissions, command may fail: FirebaseError: HTTP Error: 401, Request had invalid authentication credentials. Expected OAuth 2 access token, login cookie or other valid authentication credential. See https://developers.google.com/identity/sign-in/web/devconsole-project.
[debug] [2025-02-19T14:13:41.187Z] Checked if tokens are valid: false, expires at: 1732183032573
[debug] [2025-02-19T14:13:41.187Z] Checked if tokens are valid: false, expires at: 1732183032573
[debug] [2025-02-19T14:13:41.187Z] > refreshing access token with scopes: []
[debug] [2025-02-19T14:13:41.189Z] >>> [apiv2][query] POST https://www.googleapis.com/oauth2/v3/token [none]
[debug] [2025-02-19T14:13:41.189Z] >>> [apiv2][body] POST https://www.googleapis.com/oauth2/v3/token [omitted]
[debug] [2025-02-19T14:13:41.317Z] <<< [apiv2][status] POST https://www.googleapis.com/oauth2/v3/token 400
[debug] [2025-02-19T14:13:41.317Z] <<< [apiv2][body] POST https://www.googleapis.com/oauth2/v3/token [omitted]
[debug] [2025-02-19T14:13:41.319Z] >>> [apiv2][query] GET https://firebase.googleapis.com/v1beta1/projects/mess-management-25 [none]
[debug] [2025-02-19T14:13:41.687Z] <<< [apiv2][status] GET https://firebase.googleapis.com/v1beta1/projects/mess-management-25 401
[debug] [2025-02-19T14:13:41.688Z] <<< [apiv2][body] GET https://firebase.googleapis.com/v1beta1/projects/mess-management-25 {"error":{"code":401,"message":"Request had invalid authentication credentials. Expected OAuth 2 access token, login cookie or other valid authentication credential. See https://developers.google.com/identity/sign-in/web/devconsole-project.","status":"UNAUTHENTICATED"}}
[debug] [2025-02-19T14:13:41.688Z] Got a 401 Unauthenticated error for a call that required authentication. Refreshing tokens.
[debug] [2025-02-19T14:13:41.688Z] Checked if tokens are valid: false, expires at: 1732183032573
[debug] [2025-02-19T14:13:41.688Z] Checked if tokens are valid: false, expires at: 1732183032573
[debug] [2025-02-19T14:13:41.688Z] > refreshing access token with scopes: []
[debug] [2025-02-19T14:13:41.689Z] >>> [apiv2][query] POST https://www.googleapis.com/oauth2/v3/token [none]
[debug] [2025-02-19T14:13:41.689Z] >>> [apiv2][body] POST https://www.googleapis.com/oauth2/v3/token [omitted]
[debug] [2025-02-19T14:13:41.818Z] <<< [apiv2][status] POST https://www.googleapis.com/oauth2/v3/token 400
[debug] [2025-02-19T14:13:41.818Z] <<< [apiv2][body] POST https://www.googleapis.com/oauth2/v3/token [omitted]
[debug] [2025-02-19T14:13:41.819Z] HTTP Error: 401, Request had invalid authentication credentials. Expected OAuth 2 access token, login cookie or other valid authentication credential. See https://developers.google.com/identity/sign-in/web/devconsole-project.
[error] 
[error] Error: Assertion failed: resolving hosting target of a site with no site name or target name. This should have caused an error earlier
